<?xml version="1.0" encoding="UTF-8"?>
<coverage generated="1771320718500" clover="3.2.0">
  <project timestamp="1771320718500" name="All files">
    <metrics statements="42" coveredstatements="35" conditionals="18" coveredconditionals="13" methods="19" coveredmethods="15" elements="79" coveredelements="63" complexity="0" loc="42" ncloc="42" packages="5" files="5" classes="5"/>
    <package name="app.providers.store.config">
      <metrics statements="2" coveredstatements="2" conditionals="0" coveredconditionals="0" methods="0" coveredmethods="0"/>
      <file name="init.ts" path="/home/teleothleo/0base/field/praktikum/mmpy.messenger/src/app/providers/store/config/init.ts">
        <metrics statements="2" coveredstatements="2" conditionals="0" coveredconditionals="0" methods="0" coveredmethods="0"/>
        <line num="5" count="1" type="stmt"/>
        <line num="18" count="1" type="stmt"/>
      </file>
    </package>
    <package name="app.providers.store.lib">
      <metrics statements="16" coveredstatements="13" conditionals="10" coveredconditionals="7" methods="3" coveredmethods="3"/>
      <file name="utils.ts" path="/home/teleothleo/0base/field/praktikum/mmpy.messenger/src/app/providers/store/lib/utils.ts">
        <metrics statements="16" coveredstatements="13" conditionals="10" coveredconditionals="7" methods="3" coveredmethods="3"/>
        <line num="8" count="6" type="stmt"/>
        <line num="9" count="6" type="cond" truecount="1" falsecount="1"/>
        <line num="10" count="0" type="stmt"/>
        <line num="13" count="6" type="stmt"/>
        <line num="14" count="6" type="cond" truecount="2" falsecount="0"/>
        <line num="15" count="4" type="stmt"/>
        <line num="17" count="2" type="stmt"/>
        <line num="20" count="4" type="stmt"/>
        <line num="24" count="4" type="stmt"/>
        <line num="36" count="2" type="cond" truecount="3" falsecount="1"/>
        <line num="37" count="0" type="stmt"/>
        <line num="40" count="2" type="cond" truecount="1" falsecount="1"/>
        <line num="41" count="0" type="stmt"/>
        <line num="44" count="2" type="stmt"/>
        <line num="45" count="6" type="stmt"/>
        <line num="51" count="2" type="stmt"/>
      </file>
    </package>
    <package name="app.providers.store.model">
      <metrics statements="9" coveredstatements="9" conditionals="2" coveredconditionals="1" methods="5" coveredmethods="5"/>
      <file name="Store.ts" path="/home/teleothleo/0base/field/praktikum/mmpy.messenger/src/app/providers/store/model/Store.ts">
        <metrics statements="9" coveredstatements="9" conditionals="2" coveredconditionals="1" methods="5" coveredmethods="5"/>
        <line num="20" count="1" type="stmt"/>
        <line num="23" count="1" type="stmt"/>
        <line num="27" count="1" type="cond" truecount="1" falsecount="1"/>
        <line num="28" count="1" type="stmt"/>
        <line num="30" count="1" type="stmt"/>
        <line num="34" count="3" type="stmt"/>
        <line num="38" count="2" type="stmt"/>
        <line num="40" count="2" type="stmt"/>
        <line num="44" count="2" type="stmt"/>
      </file>
    </package>
    <package name="shared.lib.EventBus">
      <metrics statements="10" coveredstatements="10" conditionals="6" coveredconditionals="5" methods="6" coveredmethods="6"/>
      <file name="EventBus.ts" path="/home/teleothleo/0base/field/praktikum/mmpy.messenger/src/shared/lib/EventBus/EventBus.ts">
        <metrics statements="10" coveredstatements="10" conditionals="6" coveredconditionals="5" methods="6" coveredmethods="6"/>
        <line num="9" count="9" type="stmt"/>
        <line num="13" count="8" type="cond" truecount="2" falsecount="0"/>
        <line num="15" count="8" type="stmt"/>
        <line num="20" count="1" type="cond" truecount="1" falsecount="1"/>
        <line num="22" count="1" type="stmt"/>
        <line num="23" count="1" type="stmt"/>
        <line num="31" count="8" type="cond" truecount="2" falsecount="0"/>
        <line num="33" count="8" type="stmt"/>
        <line num="37" count="3" type="stmt"/>
        <line num="41" count="2" type="stmt"/>
      </file>
    </package>
    <package name="shared.lib.LocalStorage">
      <metrics statements="5" coveredstatements="1" conditionals="0" coveredconditionals="0" methods="5" coveredmethods="1"/>
      <file name="actions.ts" path="/home/teleothleo/0base/field/praktikum/mmpy.messenger/src/shared/lib/LocalStorage/actions.ts">
        <metrics statements="5" coveredstatements="1" conditionals="0" coveredconditionals="0" methods="5" coveredmethods="1"/>
        <line num="5" count="0" type="stmt"/>
        <line num="9" count="1" type="stmt"/>
        <line num="14" count="0" type="stmt"/>
        <line num="18" count="0" type="stmt"/>
        <line num="22" count="0" type="stmt"/>
      </file>
    </package>
  </project>
</coverage>
