{"/home/teleothleo/0base/field/praktikum/mmpy.messenger/src/app/providers/store/config/init.ts": {"path":"/home/teleothleo/0base/field/praktikum/mmpy.messenger/src/app/providers/store/config/init.ts","statementMap":{"0":{"start":{"line":5,"column":34},"end":{"line":16,"column":null}},"1":{"start":{"line":18,"column":38},"end":{"line":24,"column":null}}},"fnMap":{},"branchMap":{},"s":{"0":1,"1":1},"f":{},"b":{},"meta":{"lastBranch":0,"lastFunction":0,"lastStatement":2,"seen":{"s:5:34:16:Infinity":0,"s:18:38:24:Infinity":1}}}
,"/home/teleothleo/0base/field/praktikum/mmpy.messenger/src/app/providers/store/lib/utils.ts": {"path":"/home/teleothleo/0base/field/praktikum/mmpy.messenger/src/app/providers/store/lib/utils.ts","statementMap":{"0":{"start":{"line":8,"column":2},"end":{"line":22,"column":null}},"1":{"start":{"line":9,"column":4},"end":{"line":11,"column":null}},"2":{"start":{"line":10,"column":6},"end":{"line":10,"column":null}},"3":{"start":{"line":13,"column":4},"end":{"line":21,"column":null}},"4":{"start":{"line":14,"column":6},"end":{"line":18,"column":null}},"5":{"start":{"line":15,"column":8},"end":{"line":15,"column":null}},"6":{"start":{"line":17,"column":8},"end":{"line":17,"column":null}},"7":{"start":{"line":20,"column":6},"end":{"line":20,"column":null}},"8":{"start":{"line":24,"column":2},"end":{"line":24,"column":null}},"9":{"start":{"line":36,"column":2},"end":{"line":38,"column":null}},"10":{"start":{"line":37,"column":4},"end":{"line":37,"column":null}},"11":{"start":{"line":40,"column":2},"end":{"line":42,"column":null}},"12":{"start":{"line":41,"column":4},"end":{"line":41,"column":null}},"13":{"start":{"line":44,"column":17},"end":{"line":49,"column":null}},"14":{"start":{"line":45,"column":19},"end":{"line":47,"column":null}},"15":{"start":{"line":51,"column":2},"end":{"line":51,"column":null}}},"fnMap":{"0":{"name":"merge","decl":{"start":{"line":7,"column":16},"end":{"line":7,"column":22}},"loc":{"start":{"line":7,"column":59},"end":{"line":25,"column":null}},"line":7},"1":{"name":"set","decl":{"start":{"line":31,"column":16},"end":{"line":31,"column":null}},"loc":{"start":{"line":35,"column":21},"end":{"line":52,"column":null}},"line":35},"2":{"name":"(anonymous_2)","decl":{"start":{"line":45,"column":4},"end":{"line":45,"column":5}},"loc":{"start":{"line":45,"column":19},"end":{"line":47,"column":null}},"line":45}},"branchMap":{"0":{"loc":{"start":{"line":9,"column":4},"end":{"line":11,"column":null}},"type":"if","locations":[{"start":{"line":9,"column":4},"end":{"line":11,"column":null}},{"start":{},"end":{}}],"line":9},"1":{"loc":{"start":{"line":14,"column":6},"end":{"line":18,"column":null}},"type":"if","locations":[{"start":{"line":14,"column":6},"end":{"line":18,"column":null}},{"start":{"line":16,"column":13},"end":{"line":18,"column":null}}],"line":14},"2":{"loc":{"start":{"line":36,"column":2},"end":{"line":38,"column":null}},"type":"if","locations":[{"start":{"line":36,"column":2},"end":{"line":38,"column":null}},{"start":{},"end":{}}],"line":36},"3":{"loc":{"start":{"line":36,"column":6},"end":{"line":36,"column":53}},"type":"binary-expr","locations":[{"start":{"line":36,"column":6},"end":{"line":36,"column":36}},{"start":{"line":36,"column":36},"end":{"line":36,"column":53}}],"line":36},"4":{"loc":{"start":{"line":40,"column":2},"end":{"line":42,"column":null}},"type":"if","locations":[{"start":{"line":40,"column":2},"end":{"line":42,"column":null}},{"start":{},"end":{}}],"line":40}},"s":{"0":6,"1":6,"2":0,"3":6,"4":6,"5":4,"6":2,"7":4,"8":4,"9":2,"10":0,"11":2,"12":0,"13":2,"14":6,"15":2},"f":{"0":6,"1":2,"2":6},"b":{"0":[0,6],"1":[4,2],"2":[0,2],"3":[2,2],"4":[0,2]},"meta":{"lastBranch":5,"lastFunction":3,"lastStatement":16,"seen":{"f:7:16:7:22":0,"s:8:2:22:Infinity":0,"b:9:4:11:Infinity:undefined:undefined:undefined:undefined":0,"s:9:4:11:Infinity":1,"s:10:6:10:Infinity":2,"s:13:4:21:Infinity":3,"b:14:6:18:Infinity:16:13:18:Infinity":1,"s:14:6:18:Infinity":4,"s:15:8:15:Infinity":5,"s:17:8:17:Infinity":6,"s:20:6:20:Infinity":7,"s:24:2:24:Infinity":8,"f:31:16:31:Infinity":1,"b:36:2:38:Infinity:undefined:undefined:undefined:undefined":2,"s:36:2:38:Infinity":9,"b:36:6:36:36:36:36:36:53":3,"s:37:4:37:Infinity":10,"b:40:2:42:Infinity:undefined:undefined:undefined:undefined":4,"s:40:2:42:Infinity":11,"s:41:4:41:Infinity":12,"s:44:17:49:Infinity":13,"f:45:4:45:5":2,"s:45:19:47:Infinity":14,"s:51:2:51:Infinity":15}}}
,"/home/teleothleo/0base/field/praktikum/mmpy.messenger/src/app/providers/store/model/Store.ts": {"path":"/home/teleothleo/0base/field/praktikum/mmpy.messenger/src/app/providers/store/model/Store.ts","statementMap":{"0":{"start":{"line":20,"column":28},"end":{"line":20,"column":null}},"1":{"start":{"line":23,"column":4},"end":{"line":23,"column":null}},"2":{"start":{"line":27,"column":4},"end":{"line":29,"column":null}},"3":{"start":{"line":28,"column":6},"end":{"line":28,"column":null}},"4":{"start":{"line":30,"column":4},"end":{"line":30,"column":null}},"5":{"start":{"line":34,"column":4},"end":{"line":34,"column":null}},"6":{"start":{"line":38,"column":4},"end":{"line":38,"column":null}},"7":{"start":{"line":40,"column":4},"end":{"line":40,"column":null}},"8":{"start":{"line":44,"column":4},"end":{"line":44,"column":null}}},"fnMap":{"0":{"name":"(anonymous_0)","decl":{"start":{"line":22,"column":10},"end":{"line":22,"column":24}},"loc":{"start":{"line":22,"column":24},"end":{"line":24,"column":null}},"line":22},"1":{"name":"(anonymous_1)","decl":{"start":{"line":26,"column":16},"end":{"line":26,"column":30}},"loc":{"start":{"line":26,"column":30},"end":{"line":31,"column":null}},"line":26},"2":{"name":"(anonymous_2)","decl":{"start":{"line":33,"column":9},"end":{"line":33,"column":20}},"loc":{"start":{"line":33,"column":20},"end":{"line":35,"column":null}},"line":33},"3":{"name":"(anonymous_3)","decl":{"start":{"line":37,"column":9},"end":{"line":37,"column":13}},"loc":{"start":{"line":37,"column":43},"end":{"line":41,"column":null}},"line":37},"4":{"name":"(anonymous_4)","decl":{"start":{"line":43,"column":9},"end":{"line":43,"column":17}},"loc":{"start":{"line":43,"column":17},"end":{"line":45,"column":null}},"line":43}},"branchMap":{"0":{"loc":{"start":{"line":27,"column":4},"end":{"line":29,"column":null}},"type":"if","locations":[{"start":{"line":27,"column":4},"end":{"line":29,"column":null}},{"start":{},"end":{}}],"line":27}},"s":{"0":1,"1":1,"2":1,"3":1,"4":1,"5":3,"6":2,"7":2,"8":2},"f":{"0":1,"1":1,"2":3,"3":2,"4":2},"b":{"0":[1,0]},"meta":{"lastBranch":1,"lastFunction":5,"lastStatement":9,"seen":{"s:20:28:20:Infinity":0,"f:22:10:22:24":0,"s:23:4:23:Infinity":1,"f:26:16:26:30":1,"b:27:4:29:Infinity:undefined:undefined:undefined:undefined":0,"s:27:4:29:Infinity":2,"s:28:6:28:Infinity":3,"s:30:4:30:Infinity":4,"f:33:9:33:20":2,"s:34:4:34:Infinity":5,"f:37:9:37:13":3,"s:38:4:38:Infinity":6,"s:40:4:40:Infinity":7,"f:43:9:43:17":4,"s:44:4:44:Infinity":8}}}
,"/home/teleothleo/0base/field/praktikum/mmpy.messenger/src/shared/lib/EventBus/EventBus.ts": {"path":"/home/teleothleo/0base/field/praktikum/mmpy.messenger/src/shared/lib/EventBus/EventBus.ts","statementMap":{"0":{"start":{"line":9,"column":69},"end":{"line":9,"column":null}},"1":{"start":{"line":13,"column":4},"end":{"line":13,"column":null}},"2":{"start":{"line":13,"column":41},"end":{"line":13,"column":null}},"3":{"start":{"line":15,"column":4},"end":{"line":15,"column":null}},"4":{"start":{"line":20,"column":4},"end":{"line":20,"column":null}},"5":{"start":{"line":20,"column":41},"end":{"line":20,"column":null}},"6":{"start":{"line":22,"column":4},"end":{"line":24,"column":null}},"7":{"start":{"line":23,"column":20},"end":{"line":23,"column":null}},"8":{"start":{"line":31,"column":4},"end":{"line":31,"column":null}},"9":{"start":{"line":31,"column":41},"end":{"line":31,"column":null}},"10":{"start":{"line":33,"column":4},"end":{"line":33,"column":null}},"11":{"start":{"line":33,"column":50},"end":{"line":33,"column":67}},"12":{"start":{"line":37,"column":4},"end":{"line":37,"column":null}},"13":{"start":{"line":41,"column":25},"end":{"line":41,"column":null}}},"fnMap":{"0":{"name":"(anonymous_0)","decl":{"start":{"line":12,"column":9},"end":{"line":12,"column":12}},"loc":{"start":{"line":12,"column":59},"end":{"line":16,"column":null}},"line":12},"1":{"name":"(anonymous_1)","decl":{"start":{"line":19,"column":9},"end":{"line":19,"column":13}},"loc":{"start":{"line":19,"column":60},"end":{"line":25,"column":null}},"line":19},"2":{"name":"(anonymous_2)","decl":{"start":{"line":23,"column":6},"end":{"line":23,"column":7}},"loc":{"start":{"line":23,"column":20},"end":{"line":23,"column":null}},"line":23},"3":{"name":"(anonymous_3)","decl":{"start":{"line":30,"column":9},"end":{"line":30,"column":14}},"loc":{"start":{"line":30,"column":56},"end":{"line":34,"column":null}},"line":30},"4":{"name":"(anonymous_4)","decl":{"start":{"line":33,"column":36},"end":{"line":33,"column":37}},"loc":{"start":{"line":33,"column":50},"end":{"line":33,"column":67}},"line":33},"5":{"name":"(anonymous_5)","decl":{"start":{"line":36,"column":10},"end":{"line":36,"column":30}},"loc":{"start":{"line":36,"column":77},"end":{"line":38,"column":null}},"line":36}},"branchMap":{"0":{"loc":{"start":{"line":13,"column":4},"end":{"line":13,"column":null}},"type":"if","locations":[{"start":{"line":13,"column":4},"end":{"line":13,"column":null}},{"start":{},"end":{}}],"line":13},"1":{"loc":{"start":{"line":20,"column":4},"end":{"line":20,"column":null}},"type":"if","locations":[{"start":{"line":20,"column":4},"end":{"line":20,"column":null}},{"start":{},"end":{}}],"line":20},"2":{"loc":{"start":{"line":31,"column":4},"end":{"line":31,"column":null}},"type":"if","locations":[{"start":{"line":31,"column":4},"end":{"line":31,"column":null}},{"start":{},"end":{}}],"line":31}},"s":{"0":9,"1":8,"2":7,"3":8,"4":1,"5":0,"6":1,"7":1,"8":8,"9":3,"10":8,"11":6,"12":3,"13":2},"f":{"0":8,"1":1,"2":1,"3":8,"4":6,"5":3},"b":{"0":[7,1],"1":[0,1],"2":[3,5]},"meta":{"lastBranch":3,"lastFunction":6,"lastStatement":14,"seen":{"s:9:69:9:Infinity":0,"f:12:9:12:12":0,"b:13:4:13:Infinity:undefined:undefined:undefined:undefined":0,"s:13:4:13:Infinity":1,"s:13:41:13:Infinity":2,"s:15:4:15:Infinity":3,"f:19:9:19:13":1,"b:20:4:20:Infinity:undefined:undefined:undefined:undefined":1,"s:20:4:20:Infinity":4,"s:20:41:20:Infinity":5,"s:22:4:24:Infinity":6,"f:23:6:23:7":2,"s:23:20:23:Infinity":7,"f:30:9:30:14":3,"b:31:4:31:Infinity:undefined:undefined:undefined:undefined":2,"s:31:4:31:Infinity":8,"s:31:41:31:Infinity":9,"s:33:4:33:Infinity":10,"f:33:36:33:37":4,"s:33:50:33:67":11,"f:36:10:36:30":5,"s:37:4:37:Infinity":12,"s:41:25:41:Infinity":13}}}
,"/home/teleothleo/0base/field/praktikum/mmpy.messenger/src/shared/lib/LocalStorage/actions.ts": {"path":"/home/teleothleo/0base/field/praktikum/mmpy.messenger/src/shared/lib/LocalStorage/actions.ts","statementMap":{"0":{"start":{"line":5,"column":2},"end":{"line":5,"column":null}},"1":{"start":{"line":9,"column":2},"end":{"line":9,"column":null}},"2":{"start":{"line":14,"column":2},"end":{"line":14,"column":null}},"3":{"start":{"line":18,"column":2},"end":{"line":18,"column":null}},"4":{"start":{"line":22,"column":2},"end":{"line":22,"column":null}}},"fnMap":{"0":{"name":"ls_setLoggedIn","decl":{"start":{"line":4,"column":16},"end":{"line":4,"column":31}},"loc":{"start":{"line":4,"column":58},"end":{"line":6,"column":null}},"line":4},"1":{"name":"ls_getLoggedIn","decl":{"start":{"line":8,"column":16},"end":{"line":8,"column":42}},"loc":{"start":{"line":8,"column":42},"end":{"line":10,"column":null}},"line":8},"2":{"name":"ls_storeLastChatId","decl":{"start":{"line":13,"column":16},"end":{"line":13,"column":35}},"loc":{"start":{"line":13,"column":57},"end":{"line":15,"column":null}},"line":13},"3":{"name":"ls_getLastChatId","decl":{"start":{"line":17,"column":16},"end":{"line":17,"column":50}},"loc":{"start":{"line":17,"column":50},"end":{"line":19,"column":null}},"line":17},"4":{"name":"ls_removeLastChatId","decl":{"start":{"line":21,"column":16},"end":{"line":21,"column":44}},"loc":{"start":{"line":21,"column":44},"end":{"line":23,"column":null}},"line":21}},"branchMap":{},"s":{"0":0,"1":1,"2":0,"3":0,"4":0},"f":{"0":0,"1":1,"2":0,"3":0,"4":0},"b":{},"meta":{"lastBranch":0,"lastFunction":5,"lastStatement":5,"seen":{"f:4:16:4:31":0,"s:5:2:5:Infinity":0,"f:8:16:8:42":1,"s:9:2:9:Infinity":1,"f:13:16:13:35":2,"s:14:2:14:Infinity":2,"f:17:16:17:50":3,"s:18:2:18:Infinity":3,"f:21:16:21:44":4,"s:22:2:22:Infinity":4}}}
}
